/!\ FAILSAFE /!\  Fri Feb 12 11:16:07 +0000 2010
  Status: 500 Internal Server Error
  FATAL:  database "blogaj_development" does not exist

    /opt/local/lib/ruby/gems/1.8/gems/activerecord-2.3.5/lib/active_record/connection_adapters/postgresql_adapter.rb:968:in `initialize'
    /opt/local/lib/ruby/gems/1.8/gems/activerecord-2.3.5/lib/active_record/connection_adapters/postgresql_adapter.rb:968:in `connect'
    /opt/local/lib/ruby/gems/1.8/gems/activerecord-2.3.5/lib/active_record/connection_adapters/postgresql_adapter.rb:968:in `connect'
    /opt/local/lib/ruby/gems/1.8/gems/activerecord-2.3.5/lib/active_record/connection_adapters/postgresql_adapter.rb:217:in `initialize'
    /opt/local/lib/ruby/gems/1.8/gems/activerecord-2.3.5/lib/active_record/connection_adapters/postgresql_adapter.rb:37:in `new'
    /opt/local/lib/ruby/gems/1.8/gems/activerecord-2.3.5/lib/active_record/connection_adapters/postgresql_adapter.rb:37:in `postgresql_connection'
    /opt/local/lib/ruby/gems/1.8/gems/activerecord-2.3.5/lib/active_record/connection_adapters/abstract/connection_pool.rb:223:in `send'
    /opt/local/lib/ruby/gems/1.8/gems/activerecord-2.3.5/lib/active_record/connection_adapters/abstract/connection_pool.rb:223:in `new_connection'
    /opt/local/lib/ruby/gems/1.8/gems/activerecord-2.3.5/lib/active_record/connection_adapters/abstract/connection_pool.rb:245:in `checkout_new_connection'
    /opt/local/lib/ruby/gems/1.8/gems/activerecord-2.3.5/lib/active_record/connection_adapters/abstract/connection_pool.rb:188:in `checkout'
    /opt/local/lib/ruby/gems/1.8/gems/activerecord-2.3.5/lib/active_record/connection_adapters/abstract/connection_pool.rb:184:in `loop'
    /opt/local/lib/ruby/gems/1.8/gems/activerecord-2.3.5/lib/active_record/connection_adapters/abstract/connection_pool.rb:184:in `checkout'
    /opt/local/lib/ruby/1.8/monitor.rb:242:in `synchronize'
    /opt/local/lib/ruby/gems/1.8/gems/activerecord-2.3.5/lib/active_record/connection_adapters/abstract/connection_pool.rb:183:in `checkout'
    /opt/local/lib/ruby/gems/1.8/gems/activerecord-2.3.5/lib/active_record/connection_adapters/abstract/connection_pool.rb:98:in `connection'
    /opt/local/lib/ruby/gems/1.8/gems/activerecord-2.3.5/lib/active_record/connection_adapters/abstract/connection_pool.rb:326:in `retrieve_connection'
    /opt/local/lib/ruby/gems/1.8/gems/activerecord-2.3.5/lib/active_record/connection_adapters/abstract/connection_specification.rb:123:in `retrieve_connection'
    /opt/local/lib/ruby/gems/1.8/gems/activerecord-2.3.5/lib/active_record/connection_adapters/abstract/connection_specification.rb:115:in `connection'
    /opt/local/lib/ruby/gems/1.8/gems/activerecord-2.3.5/lib/active_record/query_cache.rb:9:in `cache'
    /opt/local/lib/ruby/gems/1.8/gems/activerecord-2.3.5/lib/active_record/query_cache.rb:28:in `call'
    /opt/local/lib/ruby/gems/1.8/gems/activerecord-2.3.5/lib/active_record/connection_adapters/abstract/connection_pool.rb:361:in `call'
    /opt/local/lib/ruby/gems/1.8/gems/actionpack-2.3.5/lib/action_controller/string_coercion.rb:25:in `call'
    /opt/local/lib/ruby/gems/1.8/gems/rack-1.0.1/lib/rack/head.rb:9:in `call'
    /opt/local/lib/ruby/gems/1.8/gems/rack-1.0.1/lib/rack/methodoverride.rb:24:in `call'
    /opt/local/lib/ruby/gems/1.8/gems/actionpack-2.3.5/lib/action_controller/params_parser.rb:15:in `call'
    /opt/local/lib/ruby/gems/1.8/gems/actionpack-2.3.5/lib/action_controller/session/cookie_store.rb:93:in `call'
    /opt/local/lib/ruby/gems/1.8/gems/actionpack-2.3.5/lib/action_controller/failsafe.rb:26:in `call'
    /opt/local/lib/ruby/gems/1.8/gems/rack-1.0.1/lib/rack/lock.rb:11:in `call'
    /opt/local/lib/ruby/gems/1.8/gems/rack-1.0.1/lib/rack/lock.rb:11:in `synchronize'
    /opt/local/lib/ruby/gems/1.8/gems/rack-1.0.1/lib/rack/lock.rb:11:in `call'
    /opt/local/lib/ruby/gems/1.8/gems/actionpack-2.3.5/lib/action_controller/dispatcher.rb:114:in `call'
    /opt/local/lib/ruby/gems/1.8/gems/actionpack-2.3.5/lib/action_controller/reloader.rb:34:in `run'
    /opt/local/lib/ruby/gems/1.8/gems/actionpack-2.3.5/lib/action_controller/dispatcher.rb:108:in `call'
    /opt/local/lib/ruby/gems/1.8/gems/rails-2.3.5/lib/rails/rack/static.rb:31:in `call'
    /opt/local/lib/ruby/gems/1.8/gems/rack-1.0.1/lib/rack/urlmap.rb:46:in `call'
    /opt/local/lib/ruby/gems/1.8/gems/rack-1.0.1/lib/rack/urlmap.rb:40:in `each'
    /opt/local/lib/ruby/gems/1.8/gems/rack-1.0.1/lib/rack/urlmap.rb:40:in `call'
    /opt/local/lib/ruby/gems/1.8/gems/rails-2.3.5/lib/rails/rack/log_tailer.rb:17:in `call'
    /opt/local/lib/ruby/gems/1.8/gems/rack-1.0.1/lib/rack/content_length.rb:13:in `call'
    /opt/local/lib/ruby/gems/1.8/gems/rack-1.0.1/lib/rack/handler/webrick.rb:50:in `service'
    /opt/local/lib/ruby/1.8/webrick/httpserver.rb:104:in `service'
    /opt/local/lib/ruby/1.8/webrick/httpserver.rb:65:in `run'
    /opt/local/lib/ruby/1.8/webrick/server.rb:173:in `start_thread'
    /opt/local/lib/ruby/1.8/webrick/server.rb:162:in `start'
    /opt/local/lib/ruby/1.8/webrick/server.rb:162:in `start_thread'
    /opt/local/lib/ruby/1.8/webrick/server.rb:95:in `start'
    /opt/local/lib/ruby/1.8/webrick/server.rb:92:in `each'
    /opt/local/lib/ruby/1.8/webrick/server.rb:92:in `start'
    /opt/local/lib/ruby/1.8/webrick/server.rb:23:in `start'
    /opt/local/lib/ruby/1.8/webrick/server.rb:82:in `start'
    /opt/local/lib/ruby/gems/1.8/gems/rack-1.0.1/lib/rack/handler/webrick.rb:14:in `run'
    /opt/local/lib/ruby/gems/1.8/gems/rails-2.3.5/lib/commands/server.rb:111
    /opt/local/lib/ruby/site_ruby/1.8/rubygems/custom_require.rb:31:in `gem_original_require'
    /opt/local/lib/ruby/site_ruby/1.8/rubygems/custom_require.rb:31:in `require'
    script/server:3
/!\ FAILSAFE /!\  Fri Feb 12 11:16:11 +0000 2010
  Status: 500 Internal Server Error
  FATAL:  database "blogaj_development" does not exist

    /opt/local/lib/ruby/gems/1.8/gems/activerecord-2.3.5/lib/active_record/connection_adapters/postgresql_adapter.rb:968:in `initialize'
    /opt/local/lib/ruby/gems/1.8/gems/activerecord-2.3.5/lib/active_record/connection_adapters/postgresql_adapter.rb:968:in `connect'
    /opt/local/lib/ruby/gems/1.8/gems/activerecord-2.3.5/lib/active_record/connection_adapters/postgresql_adapter.rb:968:in `connect'
    /opt/local/lib/ruby/gems/1.8/gems/activerecord-2.3.5/lib/active_record/connection_adapters/postgresql_adapter.rb:217:in `initialize'
    /opt/local/lib/ruby/gems/1.8/gems/activerecord-2.3.5/lib/active_record/connection_adapters/postgresql_adapter.rb:37:in `new'
    /opt/local/lib/ruby/gems/1.8/gems/activerecord-2.3.5/lib/active_record/connection_adapters/postgresql_adapter.rb:37:in `postgresql_connection'
    /opt/local/lib/ruby/gems/1.8/gems/activerecord-2.3.5/lib/active_record/connection_adapters/abstract/connection_pool.rb:223:in `send'
    /opt/local/lib/ruby/gems/1.8/gems/activerecord-2.3.5/lib/active_record/connection_adapters/abstract/connection_pool.rb:223:in `new_connection'
    /opt/local/lib/ruby/gems/1.8/gems/activerecord-2.3.5/lib/active_record/connection_adapters/abstract/connection_pool.rb:245:in `checkout_new_connection'
    /opt/local/lib/ruby/gems/1.8/gems/activerecord-2.3.5/lib/active_record/connection_adapters/abstract/connection_pool.rb:188:in `checkout'
    /opt/local/lib/ruby/gems/1.8/gems/activerecord-2.3.5/lib/active_record/connection_adapters/abstract/connection_pool.rb:184:in `loop'
    /opt/local/lib/ruby/gems/1.8/gems/activerecord-2.3.5/lib/active_record/connection_adapters/abstract/connection_pool.rb:184:in `checkout'
    /opt/local/lib/ruby/1.8/monitor.rb:242:in `synchronize'
    /opt/local/lib/ruby/gems/1.8/gems/activerecord-2.3.5/lib/active_record/connection_adapters/abstract/connection_pool.rb:183:in `checkout'
    /opt/local/lib/ruby/gems/1.8/gems/activerecord-2.3.5/lib/active_record/connection_adapters/abstract/connection_pool.rb:98:in `connection'
    /opt/local/lib/ruby/gems/1.8/gems/activerecord-2.3.5/lib/active_record/connection_adapters/abstract/connection_pool.rb:326:in `retrieve_connection'
    /opt/local/lib/ruby/gems/1.8/gems/activerecord-2.3.5/lib/active_record/connection_adapters/abstract/connection_specification.rb:123:in `retrieve_connection'
    /opt/local/lib/ruby/gems/1.8/gems/activerecord-2.3.5/lib/active_record/connection_adapters/abstract/connection_specification.rb:115:in `connection'
    /opt/local/lib/ruby/gems/1.8/gems/activerecord-2.3.5/lib/active_record/query_cache.rb:9:in `cache'
    /opt/local/lib/ruby/gems/1.8/gems/activerecord-2.3.5/lib/active_record/query_cache.rb:28:in `call'
    /opt/local/lib/ruby/gems/1.8/gems/activerecord-2.3.5/lib/active_record/connection_adapters/abstract/connection_pool.rb:361:in `call'
    /opt/local/lib/ruby/gems/1.8/gems/actionpack-2.3.5/lib/action_controller/string_coercion.rb:25:in `call'
    /opt/local/lib/ruby/gems/1.8/gems/rack-1.0.1/lib/rack/head.rb:9:in `call'
    /opt/local/lib/ruby/gems/1.8/gems/rack-1.0.1/lib/rack/methodoverride.rb:24:in `call'
    /opt/local/lib/ruby/gems/1.8/gems/actionpack-2.3.5/lib/action_controller/params_parser.rb:15:in `call'
    /opt/local/lib/ruby/gems/1.8/gems/actionpack-2.3.5/lib/action_controller/session/cookie_store.rb:93:in `call'
    /opt/local/lib/ruby/gems/1.8/gems/actionpack-2.3.5/lib/action_controller/failsafe.rb:26:in `call'
    /opt/local/lib/ruby/gems/1.8/gems/rack-1.0.1/lib/rack/lock.rb:11:in `call'
    /opt/local/lib/ruby/gems/1.8/gems/rack-1.0.1/lib/rack/lock.rb:11:in `synchronize'
    /opt/local/lib/ruby/gems/1.8/gems/rack-1.0.1/lib/rack/lock.rb:11:in `call'
    /opt/local/lib/ruby/gems/1.8/gems/actionpack-2.3.5/lib/action_controller/dispatcher.rb:114:in `call'
    /opt/local/lib/ruby/gems/1.8/gems/actionpack-2.3.5/lib/action_controller/reloader.rb:34:in `run'
    /opt/local/lib/ruby/gems/1.8/gems/actionpack-2.3.5/lib/action_controller/dispatcher.rb:108:in `call'
    /opt/local/lib/ruby/gems/1.8/gems/rails-2.3.5/lib/rails/rack/static.rb:31:in `call'
    /opt/local/lib/ruby/gems/1.8/gems/rack-1.0.1/lib/rack/urlmap.rb:46:in `call'
    /opt/local/lib/ruby/gems/1.8/gems/rack-1.0.1/lib/rack/urlmap.rb:40:in `each'
    /opt/local/lib/ruby/gems/1.8/gems/rack-1.0.1/lib/rack/urlmap.rb:40:in `call'
    /opt/local/lib/ruby/gems/1.8/gems/rails-2.3.5/lib/rails/rack/log_tailer.rb:17:in `call'
    /opt/local/lib/ruby/gems/1.8/gems/rack-1.0.1/lib/rack/content_length.rb:13:in `call'
    /opt/local/lib/ruby/gems/1.8/gems/rack-1.0.1/lib/rack/handler/webrick.rb:50:in `service'
    /opt/local/lib/ruby/1.8/webrick/httpserver.rb:104:in `service'
    /opt/local/lib/ruby/1.8/webrick/httpserver.rb:65:in `run'
    /opt/local/lib/ruby/1.8/webrick/server.rb:173:in `start_thread'
    /opt/local/lib/ruby/1.8/webrick/server.rb:162:in `start'
    /opt/local/lib/ruby/1.8/webrick/server.rb:162:in `start_thread'
    /opt/local/lib/ruby/1.8/webrick/server.rb:95:in `start'
    /opt/local/lib/ruby/1.8/webrick/server.rb:92:in `each'
    /opt/local/lib/ruby/1.8/webrick/server.rb:92:in `start'
    /opt/local/lib/ruby/1.8/webrick/server.rb:23:in `start'
    /opt/local/lib/ruby/1.8/webrick/server.rb:82:in `start'
    /opt/local/lib/ruby/gems/1.8/gems/rack-1.0.1/lib/rack/handler/webrick.rb:14:in `run'
    /opt/local/lib/ruby/gems/1.8/gems/rails-2.3.5/lib/commands/server.rb:111
    /opt/local/lib/ruby/site_ruby/1.8/rubygems/custom_require.rb:31:in `gem_original_require'
    /opt/local/lib/ruby/site_ruby/1.8/rubygems/custom_require.rb:31:in `require'
    script/server:3
/!\ FAILSAFE /!\  Fri Feb 12 11:16:15 +0000 2010
  Status: 500 Internal Server Error
  FATAL:  database "blogaj_development" does not exist

    /opt/local/lib/ruby/gems/1.8/gems/activerecord-2.3.5/lib/active_record/connection_adapters/postgresql_adapter.rb:968:in `initialize'
    /opt/local/lib/ruby/gems/1.8/gems/activerecord-2.3.5/lib/active_record/connection_adapters/postgresql_adapter.rb:968:in `connect'
    /opt/local/lib/ruby/gems/1.8/gems/activerecord-2.3.5/lib/active_record/connection_adapters/postgresql_adapter.rb:968:in `connect'
    /opt/local/lib/ruby/gems/1.8/gems/activerecord-2.3.5/lib/active_record/connection_adapters/postgresql_adapter.rb:217:in `initialize'
    /opt/local/lib/ruby/gems/1.8/gems/activerecord-2.3.5/lib/active_record/connection_adapters/postgresql_adapter.rb:37:in `new'
    /opt/local/lib/ruby/gems/1.8/gems/activerecord-2.3.5/lib/active_record/connection_adapters/postgresql_adapter.rb:37:in `postgresql_connection'
    /opt/local/lib/ruby/gems/1.8/gems/activerecord-2.3.5/lib/active_record/connection_adapters/abstract/connection_pool.rb:223:in `send'
    /opt/local/lib/ruby/gems/1.8/gems/activerecord-2.3.5/lib/active_record/connection_adapters/abstract/connection_pool.rb:223:in `new_connection'
    /opt/local/lib/ruby/gems/1.8/gems/activerecord-2.3.5/lib/active_record/connection_adapters/abstract/connection_pool.rb:245:in `checkout_new_connection'
    /opt/local/lib/ruby/gems/1.8/gems/activerecord-2.3.5/lib/active_record/connection_adapters/abstract/connection_pool.rb:188:in `checkout'
    /opt/local/lib/ruby/gems/1.8/gems/activerecord-2.3.5/lib/active_record/connection_adapters/abstract/connection_pool.rb:184:in `loop'
    /opt/local/lib/ruby/gems/1.8/gems/activerecord-2.3.5/lib/active_record/connection_adapters/abstract/connection_pool.rb:184:in `checkout'
    /opt/local/lib/ruby/1.8/monitor.rb:242:in `synchronize'
    /opt/local/lib/ruby/gems/1.8/gems/activerecord-2.3.5/lib/active_record/connection_adapters/abstract/connection_pool.rb:183:in `checkout'
    /opt/local/lib/ruby/gems/1.8/gems/activerecord-2.3.5/lib/active_record/connection_adapters/abstract/connection_pool.rb:98:in `connection'
    /opt/local/lib/ruby/gems/1.8/gems/activerecord-2.3.5/lib/active_record/connection_adapters/abstract/connection_pool.rb:326:in `retrieve_connection'
    /opt/local/lib/ruby/gems/1.8/gems/activerecord-2.3.5/lib/active_record/connection_adapters/abstract/connection_specification.rb:123:in `retrieve_connection'
    /opt/local/lib/ruby/gems/1.8/gems/activerecord-2.3.5/lib/active_record/connection_adapters/abstract/connection_specification.rb:115:in `connection'
    /opt/local/lib/ruby/gems/1.8/gems/activerecord-2.3.5/lib/active_record/query_cache.rb:9:in `cache'
    /opt/local/lib/ruby/gems/1.8/gems/activerecord-2.3.5/lib/active_record/query_cache.rb:28:in `call'
    /opt/local/lib/ruby/gems/1.8/gems/activerecord-2.3.5/lib/active_record/connection_adapters/abstract/connection_pool.rb:361:in `call'
    /opt/local/lib/ruby/gems/1.8/gems/actionpack-2.3.5/lib/action_controller/string_coercion.rb:25:in `call'
    /opt/local/lib/ruby/gems/1.8/gems/rack-1.0.1/lib/rack/head.rb:9:in `call'
    /opt/local/lib/ruby/gems/1.8/gems/rack-1.0.1/lib/rack/methodoverride.rb:24:in `call'
    /opt/local/lib/ruby/gems/1.8/gems/actionpack-2.3.5/lib/action_controller/params_parser.rb:15:in `call'
    /opt/local/lib/ruby/gems/1.8/gems/actionpack-2.3.5/lib/action_controller/session/cookie_store.rb:93:in `call'
    /opt/local/lib/ruby/gems/1.8/gems/actionpack-2.3.5/lib/action_controller/failsafe.rb:26:in `call'
    /opt/local/lib/ruby/gems/1.8/gems/rack-1.0.1/lib/rack/lock.rb:11:in `call'
    /opt/local/lib/ruby/gems/1.8/gems/rack-1.0.1/lib/rack/lock.rb:11:in `synchronize'
    /opt/local/lib/ruby/gems/1.8/gems/rack-1.0.1/lib/rack/lock.rb:11:in `call'
    /opt/local/lib/ruby/gems/1.8/gems/actionpack-2.3.5/lib/action_controller/dispatcher.rb:114:in `call'
    /opt/local/lib/ruby/gems/1.8/gems/actionpack-2.3.5/lib/action_controller/reloader.rb:34:in `run'
    /opt/local/lib/ruby/gems/1.8/gems/actionpack-2.3.5/lib/action_controller/dispatcher.rb:108:in `call'
    /opt/local/lib/ruby/gems/1.8/gems/rails-2.3.5/lib/rails/rack/static.rb:31:in `call'
    /opt/local/lib/ruby/gems/1.8/gems/rack-1.0.1/lib/rack/urlmap.rb:46:in `call'
    /opt/local/lib/ruby/gems/1.8/gems/rack-1.0.1/lib/rack/urlmap.rb:40:in `each'
    /opt/local/lib/ruby/gems/1.8/gems/rack-1.0.1/lib/rack/urlmap.rb:40:in `call'
    /opt/local/lib/ruby/gems/1.8/gems/rails-2.3.5/lib/rails/rack/log_tailer.rb:17:in `call'
    /opt/local/lib/ruby/gems/1.8/gems/rack-1.0.1/lib/rack/content_length.rb:13:in `call'
    /opt/local/lib/ruby/gems/1.8/gems/rack-1.0.1/lib/rack/handler/webrick.rb:50:in `service'
    /opt/local/lib/ruby/1.8/webrick/httpserver.rb:104:in `service'
    /opt/local/lib/ruby/1.8/webrick/httpserver.rb:65:in `run'
    /opt/local/lib/ruby/1.8/webrick/server.rb:173:in `start_thread'
    /opt/local/lib/ruby/1.8/webrick/server.rb:162:in `start'
    /opt/local/lib/ruby/1.8/webrick/server.rb:162:in `start_thread'
    /opt/local/lib/ruby/1.8/webrick/server.rb:95:in `start'
    /opt/local/lib/ruby/1.8/webrick/server.rb:92:in `each'
    /opt/local/lib/ruby/1.8/webrick/server.rb:92:in `start'
    /opt/local/lib/ruby/1.8/webrick/server.rb:23:in `start'
    /opt/local/lib/ruby/1.8/webrick/server.rb:82:in `start'
    /opt/local/lib/ruby/gems/1.8/gems/rack-1.0.1/lib/rack/handler/webrick.rb:14:in `run'
    /opt/local/lib/ruby/gems/1.8/gems/rails-2.3.5/lib/commands/server.rb:111
    /opt/local/lib/ruby/site_ruby/1.8/rubygems/custom_require.rb:31:in `gem_original_require'
    /opt/local/lib/ruby/site_ruby/1.8/rubygems/custom_require.rb:31:in `require'
    script/server:3
  [4;36;1mSQL (0.1ms)[0m   [0;1mSET client_min_messages TO 'panic'[0m
  [4;35;1mSQL (0.1ms)[0m   [0mSET client_min_messages TO 'notice'[0m
  [4;36;1mSQL (6.7ms)[0m   [0;1mCREATE TABLE "schema_migrations" ("version" character varying(255) NOT NULL) [0m
  [4;35;1mSQL (2.2ms)[0m   [0mCREATE UNIQUE INDEX "unique_schema_migrations" ON "schema_migrations" ("version")[0m
  [4;36;1mSQL (0.2ms)[0m   [0;1mSELECT version FROM schema_migrations[0m
Migrating to CreatePosts (20100212111438)
  [4;35;1mSQL (0.1ms)[0m   [0mBEGIN[0m
  [4;36;1mSQL (8.9ms)[0m   [0;1mCREATE TABLE "posts" ("id" serial primary key, "name" character varying(255), "title" character varying(255), "content" text, "created_at" timestamp, "updated_at" timestamp) [0m
  [4;35;1mSQL (0.4ms)[0m   [0mINSERT INTO schema_migrations (version) VALUES ('20100212111438')[0m
  [4;36;1mSQL (1.0ms)[0m   [0;1mCOMMIT[0m
  [4;35;1mSQL (0.2ms)[0m   [0mSELECT version FROM schema_migrations[0m
  [4;36;1mSQL (0.1ms)[0m   [0;1mSET client_min_messages TO 'panic'[0m
  [4;35;1mSQL (0.1ms)[0m   [0mSET client_min_messages TO 'notice'[0m


Processing ApplicationController#index (for 127.0.0.1 at 2010-02-12 11:22:54) [GET]

ActionController::RoutingError (No route matches "/post" with {:method=>:get}):
  /opt/local/lib/ruby/1.8/webrick/httpserver.rb:104:in `service'
  /opt/local/lib/ruby/1.8/webrick/httpserver.rb:65:in `run'
  /opt/local/lib/ruby/1.8/webrick/server.rb:173:in `start_thread'
  /opt/local/lib/ruby/1.8/webrick/server.rb:162:in `start'
  /opt/local/lib/ruby/1.8/webrick/server.rb:162:in `start_thread'
  /opt/local/lib/ruby/1.8/webrick/server.rb:95:in `start'
  /opt/local/lib/ruby/1.8/webrick/server.rb:92:in `each'
  /opt/local/lib/ruby/1.8/webrick/server.rb:92:in `start'
  /opt/local/lib/ruby/1.8/webrick/server.rb:23:in `start'
  /opt/local/lib/ruby/1.8/webrick/server.rb:82:in `start'

Rendering rescues/layout (not_found)
  [4;36;1mSQL (0.6ms)[0m   [0;1mSET client_min_messages TO 'panic'[0m
  [4;35;1mSQL (0.1ms)[0m   [0mSET client_min_messages TO 'notice'[0m


Processing PostsController#index (for 127.0.0.1 at 2010-02-12 11:22:57) [GET]
  [4;36;1mPost Load (1.2ms)[0m   [0;1mSELECT * FROM "posts" [0m
Rendering template within layouts/application
Rendering posts/index
Completed in 29ms (View: 24, DB: 2) | 200 OK [http://localhost/posts]
  [4;35;1mSQL (0.1ms)[0m   [0mSET client_min_messages TO 'panic'[0m
  [4;36;1mSQL (0.1ms)[0m   [0;1mSET client_min_messages TO 'notice'[0m


Processing PostsController#new (for 127.0.0.1 at 2010-02-12 11:23:00) [GET]
Rendering template within layouts/application
Rendering posts/new
Rendered posts/_form (4.4ms)
Completed in 61ms (View: 12, DB: 0) | 200 OK [http://localhost/posts/new]
  [4;35;1mSQL (1.0ms)[0m   [0mSET client_min_messages TO 'panic'[0m
  [4;36;1mSQL (0.1ms)[0m   [0;1mSET client_min_messages TO 'notice'[0m


Processing PostsController#create (for 127.0.0.1 at 2010-02-12 11:23:12) [POST]
  Parameters: {"commit"=>"Submit", "post"=>{"name"=>"post1", "title"=>"post1title", "content"=>"hell, this is my first post"}, "authenticity_token"=>"gNcreB1xiE8SigIzM674kp2GCOxI8cd8lz9Qep0ec1s="}
  [4;35;1mSQL (0.1ms)[0m   [0mBEGIN[0m
  [4;36;1mSQL (0.8ms)[0m   [0;1mINSERT INTO "posts" ("name", "created_at", "title", "updated_at", "content") VALUES(E'post1', '2010-02-12 11:23:12.439326', E'post1title', '2010-02-12 11:23:12.439326', E'hell, this is my first post') RETURNING "id"[0m
  [4;35;1mSQL (0.4ms)[0m   [0mCOMMIT[0m
Redirected to http://localhost:3000/posts/1
Completed in 14ms (DB: 2) | 302 Found [http://localhost/posts]
  [4;36;1mSQL (0.1ms)[0m   [0;1mSET client_min_messages TO 'panic'[0m
  [4;35;1mSQL (0.1ms)[0m   [0mSET client_min_messages TO 'notice'[0m


Processing PostsController#show (for 127.0.0.1 at 2010-02-12 11:23:12) [GET]
  Parameters: {"id"=>"1"}
  [4;36;1mPost Load (0.4ms)[0m   [0;1mSELECT * FROM "posts" WHERE ("posts"."id" = 1) [0m
Rendering template within layouts/application
Rendering posts/show
Completed in 17ms (View: 10, DB: 1) | 200 OK [http://localhost/posts/1]
  [4;35;1mSQL (0.1ms)[0m   [0mSET client_min_messages TO 'panic'[0m
  [4;36;1mSQL (0.1ms)[0m   [0;1mSET client_min_messages TO 'notice'[0m


Processing PostsController#index (for 127.0.0.1 at 2010-02-12 11:23:15) [GET]
  [4;35;1mPost Load (1.2ms)[0m   [0mSELECT * FROM "posts" [0m
Rendering template within layouts/application
Rendering posts/index
Completed in 11ms (View: 7, DB: 1) | 200 OK [http://localhost/posts]
  [4;36;1mSQL (0.1ms)[0m   [0;1mSET client_min_messages TO 'panic'[0m
  [4;35;1mSQL (0.1ms)[0m   [0mSET client_min_messages TO 'notice'[0m


Processing PostsController#new (for 127.0.0.1 at 2010-02-12 11:23:17) [GET]
Rendering template within layouts/application
Rendering posts/new
Rendered posts/_form (3.3ms)
Completed in 11ms (View: 5, DB: 0) | 200 OK [http://localhost/posts/new]
  [4;36;1mSQL (0.1ms)[0m   [0;1mSET client_min_messages TO 'panic'[0m
  [4;35;1mSQL (0.1ms)[0m   [0mSET client_min_messages TO 'notice'[0m


Processing PostsController#create (for 127.0.0.1 at 2010-02-12 11:23:30) [POST]
  Parameters: {"commit"=>"Submit", "post"=>{"name"=>"post 2", "title"=>"post 2 title", "content"=>"hello this is my 2nd post"}, "authenticity_token"=>"gNcreB1xiE8SigIzM674kp2GCOxI8cd8lz9Qep0ec1s="}
  [4;36;1mSQL (0.1ms)[0m   [0;1mBEGIN[0m
  [4;35;1mSQL (0.5ms)[0m   [0mINSERT INTO "posts" ("name", "created_at", "title", "updated_at", "content") VALUES(E'post 2', '2010-02-12 11:23:30.999867', E'post 2 title', '2010-02-12 11:23:30.999867', E'hello this is my 2nd post') RETURNING "id"[0m
  [4;36;1mSQL (0.6ms)[0m   [0;1mCOMMIT[0m
Redirected to http://localhost:3000/posts/2
Completed in 14ms (DB: 1) | 302 Found [http://localhost/posts]
  [4;35;1mSQL (0.1ms)[0m   [0mSET client_min_messages TO 'panic'[0m
  [4;36;1mSQL (0.1ms)[0m   [0;1mSET client_min_messages TO 'notice'[0m


Processing PostsController#show (for 127.0.0.1 at 2010-02-12 11:23:31) [GET]
  Parameters: {"id"=>"2"}
  [4;35;1mPost Load (0.7ms)[0m   [0mSELECT * FROM "posts" WHERE ("posts"."id" = 2) [0m
Rendering template within layouts/application
Rendering posts/show
Completed in 64ms (View: 5, DB: 1) | 200 OK [http://localhost/posts/2]
  [4;36;1mSQL (0.1ms)[0m   [0;1mSET client_min_messages TO 'panic'[0m
  [4;35;1mSQL (0.1ms)[0m   [0mSET client_min_messages TO 'notice'[0m


Processing PostsController#show (for 127.0.0.1 at 2010-02-12 11:27:54) [GET]

ActiveRecord::RecordNotFound (Couldn't find Post without an ID):
  app/controllers/posts_controller.rb:7:in `show'
  /opt/local/lib/ruby/1.8/webrick/httpserver.rb:104:in `service'
  /opt/local/lib/ruby/1.8/webrick/httpserver.rb:65:in `run'
  /opt/local/lib/ruby/1.8/webrick/server.rb:173:in `start_thread'
  /opt/local/lib/ruby/1.8/webrick/server.rb:162:in `start'
  /opt/local/lib/ruby/1.8/webrick/server.rb:162:in `start_thread'
  /opt/local/lib/ruby/1.8/webrick/server.rb:95:in `start'
  /opt/local/lib/ruby/1.8/webrick/server.rb:92:in `each'
  /opt/local/lib/ruby/1.8/webrick/server.rb:92:in `start'
  /opt/local/lib/ruby/1.8/webrick/server.rb:23:in `start'
  /opt/local/lib/ruby/1.8/webrick/server.rb:82:in `start'

Rendered rescues/_trace (30.8ms)
Rendered rescues/_request_and_response (1.2ms)
Rendering rescues/layout (not_found)
  [4;36;1mSQL (0.1ms)[0m   [0;1mSET client_min_messages TO 'panic'[0m
  [4;35;1mSQL (0.1ms)[0m   [0mSET client_min_messages TO 'notice'[0m


Processing PostsController#index (for 127.0.0.1 at 2010-02-12 11:28:02) [GET]
  [4;36;1mPost Load (1.4ms)[0m   [0;1mSELECT * FROM "posts" [0m
Rendering template within layouts/application
Rendering posts/index
Completed in 35ms (View: 30, DB: 2) | 200 OK [http://localhost/posts]
  [4;35;1mSQL (0.1ms)[0m   [0mSET client_min_messages TO 'panic'[0m
  [4;36;1mSQL (0.1ms)[0m   [0;1mSET client_min_messages TO 'notice'[0m


Processing PostsController#new (for 127.0.0.1 at 2010-02-12 11:28:26) [GET]
Rendering template within layouts/application
Rendering posts/new
Rendered posts/_form (3.9ms)
Completed in 18ms (View: 12, DB: 0) | 200 OK [http://localhost/posts/new]
  [4;35;1mSQL (0.1ms)[0m   [0mSET client_min_messages TO 'panic'[0m
  [4;36;1mSQL (0.1ms)[0m   [0;1mSET client_min_messages TO 'notice'[0m


Processing PostsController#index (for 127.0.0.1 at 2010-02-12 11:28:28) [GET]
  [4;35;1mPost Load (1.2ms)[0m   [0mSELECT * FROM "posts" [0m
Rendering template within layouts/application
Rendering posts/index
Completed in 14ms (View: 10, DB: 1) | 200 OK [http://localhost/posts]
  [4;36;1mSQL (0.1ms)[0m   [0;1mSET client_min_messages TO 'panic'[0m
  [4;35;1mSQL (0.1ms)[0m   [0mSET client_min_messages TO 'notice'[0m


Processing PostsController#new (for 127.0.0.1 at 2010-02-12 11:28:30) [GET]
Rendering template within layouts/application
Rendering posts/new
Rendered posts/_form (3.2ms)
Completed in 11ms (View: 4, DB: 0) | 200 OK [http://localhost/posts/new]
  [4;36;1mSQL (0.1ms)[0m   [0;1mSET client_min_messages TO 'panic'[0m
  [4;35;1mSQL (0.1ms)[0m   [0mSET client_min_messages TO 'notice'[0m


Processing PostsController#index (for 127.0.0.1 at 2010-02-12 11:28:32) [GET]
  [4;36;1mPost Load (1.2ms)[0m   [0;1mSELECT * FROM "posts" [0m
Rendering template within layouts/application
Rendering posts/index
Completed in 14ms (View: 9, DB: 1) | 200 OK [http://localhost/posts]
  [4;35;1mSQL (0.1ms)[0m   [0mSET client_min_messages TO 'panic'[0m
  [4;36;1mSQL (0.1ms)[0m   [0;1mSET client_min_messages TO 'notice'[0m


Processing PostsController#new (for 127.0.0.1 at 2010-02-12 11:28:36) [GET]
Rendering template within layouts/application
Rendering posts/new
Rendered posts/_form (3.2ms)
Completed in 11ms (View: 5, DB: 0) | 200 OK [http://localhost/posts/new]
  [4;35;1mSQL (0.1ms)[0m   [0mSET client_min_messages TO 'panic'[0m
  [4;36;1mSQL (0.1ms)[0m   [0;1mSET client_min_messages TO 'notice'[0m


Processing PostsController#index (for 127.0.0.1 at 2010-02-12 11:28:38) [GET]
  [4;35;1mPost Load (1.2ms)[0m   [0mSELECT * FROM "posts" [0m
Rendering template within layouts/application
Rendering posts/index
Completed in 14ms (View: 10, DB: 1) | 200 OK [http://localhost/posts]
  [4;36;1mSQL (0.1ms)[0m   [0;1mSET client_min_messages TO 'panic'[0m
  [4;35;1mSQL (0.1ms)[0m   [0mSET client_min_messages TO 'notice'[0m


Processing PostsController#index (for 127.0.0.1 at 2010-02-12 11:29:49) [GET]
  [4;36;1mPost Load (1.2ms)[0m   [0;1mSELECT * FROM "posts" [0m
Rendering template within layouts/application
Rendering posts/index
Completed in 33ms (View: 28, DB: 1) | 200 OK [http://localhost/]
